#-----------------------------------------------------------
# Vivado v2023.2 (64-bit)
# SW Build 4029153 on Fri Oct 13 20:13:54 MDT 2023
# IP Build 4028589 on Sat Oct 14 00:45:43 MDT 2023
# SharedData Build 4025554 on Tue Oct 10 17:18:54 MDT 2023
# Start of session at: Fri May 23 11:44:57 2025
# Process ID: 9238
# Current directory: /home/k-shi/KSHI/IC_proj/IC_HW_4cy
# Command line: vivado -mode batch -source /home/k-shi/KSHI/IC_proj/IC_HW_4cy/top.tcl
# Log file: /home/k-shi/KSHI/IC_proj/IC_HW_4cy/vivado.log
# Journal file: /home/k-shi/KSHI/IC_proj/IC_HW_4cy/vivado.jou
# Running On: kshi-virtual-machine, OS: Linux, CPU Frequency: 2495.252 MHz, CPU Physical cores: 8, Host memory: 8278 MB
#-----------------------------------------------------------
source /home/k-shi/KSHI/IC_proj/IC_HW_4cy/top.tcl
# set PROJECT_NAME "rtl_simulation"
# set TOP_MODULE_SRC "top"
# set TOP_MODULE_SIM "tb_top"
# set SRC_DIR "./vsrc"
# set SIM_DIR "./vsrc/tb"
# set REPORT_DIR "./reports"
# set PROJECT_DIR "./vivado_sim"
# set FPGA_PART "xc7z020clg484-1"
# set SIM_RESULT "simulation_results.log"
# set SRC_FILELIST [glob $SRC_DIR/*.v]
# set SIM_FILELIST [glob $SIM_DIR/*.v]
# set CLEAN_FILELIST {*.backup.jou *.backup.log *.backup.str}
# foreach cleanfile $CLEAN_FILELIST {
#     set files [glob -nocomplain ./$cleanfile]
#     if {[llength $files] == 0} {
#         puts "No files found for pattern: $cleanfile"
#     } else {
#         foreach file $files {
#             file delete -force $file
#             puts "Deleted file: $file"
#         }
#     }
# }
Deleted file: ./vivado_8495.backup.jou
Deleted file: ./vivado_8495.backup.log
No files found for pattern: *.backup.str
# set SIMWV_EXTLIST {*.wdb *.vcd *.wcfg *.bmp}
# foreach fileEXT $SIMWV_EXTLIST {
#     set files [glob -nocomplain $REPORT_DIR/$fileEXT]
#     if {[llength $files] == 0} {
#         puts "No files found for pattern: $fileEXT"
#     } else {
#         foreach file $files {
#             file delete -force $file
#             puts "Deleted file: $file"
#         }
#     }
# }
No files found for pattern: *.wdb
No files found for pattern: *.vcd
No files found for pattern: *.wcfg
No files found for pattern: *.bmp
# set DIRLIST [list $REPORT_DIR $SRC_DIR $SIM_DIR]
# foreach dir $DIRLIST {
#     if {$dir eq ""} {
#         puts "## Error: One of the directory variables is empty. Aborting..."
#         exit
#     }
#     if {![file isdirectory $dir]} {
#         if {[catch {file mkdir $dir} result]} {
#             puts "## Error: Failed to create directory $dir. Reason: $result"
#         } else {
#             puts "## Directory $dir created successfully."
#         }
#     }
# }
# create_project -force $PROJECT_NAME $PROJECT_DIR -part $FPGA_PART
create_project: Time (s): cpu = 00:00:08 ; elapsed = 00:00:08 . Memory (MB): peak = 1319.367 ; gain = 0.023 ; free physical = 179 ; free virtual = 4517
# foreach file $SRC_FILELIST {
#     add_files -fileset sources_1 $file
#     add_files -fileset sim_1 $file
# }
# foreach file $SIM_FILELIST {
#     add_files -fileset sim_1 $file
# }
# update_compile_order -fileset sources_1
# update_compile_order -fileset sim_1
# set_property top $TOP_MODULE_SRC [get_filesets sources_1]
# set_property top $TOP_MODULE_SIM [get_filesets sim_1]
# launch_simulation
Command: launch_simulation 
INFO: [Vivado 12-12493] Simulation top is 'tb_top'
INFO: [Vivado 12-5682] Launching behavioral simulation in '/home/k-shi/KSHI/IC_proj/IC_HW_4cy/vivado_sim/rtl_simulation.sim/sim_1/behav/xsim'
INFO: [SIM-utils-51] Simulation object is 'sim_1'
INFO: [SIM-utils-72] Using boost library from '/opt/Xilinx/Vivado/2023.2/tps/boost_1_72_0'
INFO: [SIM-utils-54] Inspecting design source files for 'tb_top' in fileset 'sim_1'...
INFO: [USF-XSim-97] Finding global include files...
INFO: [USF-XSim-98] Fetching design files from 'sim_1'...
INFO: [USF-XSim-2] XSim::Compile design
INFO: [USF-XSim-61] Executing 'COMPILE and ANALYZE' step in '/home/k-shi/KSHI/IC_proj/IC_HW_4cy/vivado_sim/rtl_simulation.sim/sim_1/behav/xsim'
xvlog --incr --relax -prj tb_top_vlog.prj
INFO: [VRFC 10-2263] Analyzing Verilog file "/home/k-shi/KSHI/IC_proj/IC_HW_4cy/vsrc/Adder12.v" into library xil_defaultlib
INFO: [VRFC 10-311] analyzing module Adder12
INFO: [VRFC 10-2263] Analyzing Verilog file "/home/k-shi/KSHI/IC_proj/IC_HW_4cy/vsrc/CosRom.v" into library xil_defaultlib
INFO: [VRFC 10-311] analyzing module CosRom
INFO: [VRFC 10-2263] Analyzing Verilog file "/home/k-shi/KSHI/IC_proj/IC_HW_4cy/vsrc/DivRom.v" into library xil_defaultlib
INFO: [VRFC 10-311] analyzing module DivRom
INFO: [VRFC 10-2263] Analyzing Verilog file "/home/k-shi/KSHI/IC_proj/IC_HW_4cy/vsrc/FullAdder.v" into library xil_defaultlib
INFO: [VRFC 10-311] analyzing module FullAdder
INFO: [VRFC 10-2263] Analyzing Verilog file "/home/k-shi/KSHI/IC_proj/IC_HW_4cy/vsrc/HalfAdder.v" into library xil_defaultlib
INFO: [VRFC 10-311] analyzing module HalfAdder
INFO: [VRFC 10-2263] Analyzing Verilog file "/home/k-shi/KSHI/IC_proj/IC_HW_4cy/vsrc/Wallace12x12.v" into library xil_defaultlib
INFO: [VRFC 10-311] analyzing module Wallace12x12
INFO: [VRFC 10-2263] Analyzing Verilog file "/home/k-shi/KSHI/IC_proj/IC_HW_4cy/vsrc/top.v" into library xil_defaultlib
INFO: [VRFC 10-311] analyzing module top
INFO: [VRFC 10-2263] Analyzing Verilog file "/home/k-shi/KSHI/IC_proj/IC_HW_4cy/vsrc/tb/tb_top.v" into library xil_defaultlib
INFO: [VRFC 10-311] analyzing module tb_top
INFO: [VRFC 10-2263] Analyzing Verilog file "/home/k-shi/KSHI/IC_proj/IC_HW_4cy/vivado_sim/rtl_simulation.sim/sim_1/behav/xsim/glbl.v" into library xil_defaultlib
INFO: [VRFC 10-311] analyzing module glbl
Waiting for jobs to finish...
No pending jobs, compilation finished.
INFO: [USF-XSim-69] 'compile' step finished in '2' seconds
INFO: [USF-XSim-3] XSim::Elaborate design
INFO: [USF-XSim-61] Executing 'ELABORATE' step in '/home/k-shi/KSHI/IC_proj/IC_HW_4cy/vivado_sim/rtl_simulation.sim/sim_1/behav/xsim'
xelab --incr --debug typical --relax --mt 8 -L xil_defaultlib -L unisims_ver -L unimacro_ver -L secureip --snapshot tb_top_behav xil_defaultlib.tb_top xil_defaultlib.glbl -log elaborate.log
Vivado Simulator v2023.2
Copyright 1986-2022 Xilinx, Inc. All Rights Reserved.
Copyright 2022-2023 Advanced Micro Devices, Inc. All Rights Reserved.
Running: /opt/Xilinx/Vivado/2023.2/bin/unwrapped/lnx64.o/xelab --incr --debug typical --relax --mt 8 -L xil_defaultlib -L unisims_ver -L unimacro_ver -L secureip --snapshot tb_top_behav xil_defaultlib.tb_top xil_defaultlib.glbl -log elaborate.log 
Using 8 slave threads.
Starting static elaboration
Pass Through NonSizing Optimizer
Completed static elaboration
Starting simulation data flow analysis
WARNING: [XSIM 43-4100] "/home/k-shi/KSHI/IC_proj/IC_HW_4cy/vivado_sim/rtl_simulation.sim/sim_1/behav/xsim/glbl.v" Line 6. Module glbl has a timescale but at least one module in design doesn't have timescale.
WARNING: [XSIM 43-4100] "/home/k-shi/KSHI/IC_proj/IC_HW_4cy/vivado_sim/rtl_simulation.sim/sim_1/behav/xsim/glbl.v" Line 6. Module glbl has a timescale but at least one module in design doesn't have timescale.
Completed simulation data flow analysis
Time Resolution for simulation is 1ps
Compiling module xil_defaultlib.Adder12
Compiling module xil_defaultlib.CosRom
Compiling module xil_defaultlib.DivRom
Compiling module xil_defaultlib.HalfAdder
Compiling module xil_defaultlib.FullAdder
Compiling module xil_defaultlib.Wallace12x12
Compiling module xil_defaultlib.top
Compiling module xil_defaultlib.tb_top
Compiling module xil_defaultlib.glbl
Built simulation snapshot tb_top_behav
execute_script: Time (s): cpu = 00:00:08 ; elapsed = 00:00:06 . Memory (MB): peak = 1375.395 ; gain = 0.000 ; free physical = 272 ; free virtual = 4463
INFO: [USF-XSim-69] 'elaborate' step finished in '6' seconds
INFO: [USF-XSim-4] XSim::Simulate design
INFO: [USF-XSim-61] Executing 'SIMULATE' step in '/home/k-shi/KSHI/IC_proj/IC_HW_4cy/vivado_sim/rtl_simulation.sim/sim_1/behav/xsim'
INFO: [USF-XSim-98] *** Running xsim
   with args "tb_top_behav -key {Behavioral:sim_1:Functional:tb_top} -tclbatch {tb_top.tcl} -log {simulate.log}"
INFO: [USF-XSim-8] Loading simulator feature
Time resolution is 1 ps
source tb_top.tcl
## current_wave_config
Index: 0 | a: 2029 | b: 1932 | c: 2553 | d: 2942
Index: 1 | a: 1222 | b: 1221 | c: 682 | d: 2942
Index: 2 | a: 2021 | b: 631 | c: 1554 | d: 2942
Index: 3 | a: 2959 | b: 2546 | c: 1742 | d: 2942
Index: 4 | a: 2792 | b: 3781 | c: 2396 | d: 2942
Index: 5 | a: 2237 | b: 2093 | c: 1637 | d: 2942
Index: 6 | a: 611 | b: 1802 | c: 640 | d: 2942
Index: 7 | a: 288 | b: 1450 | c: 3229 | d: 2942
Index: 0 | y_decimal: 0
Index: 1 | a: 3734 | b: 2067 | c: 2061 | d: 2942
Index: 2 | y_decimal: 4659
Index: 3 | a: 1619 | b: 3435 | c: 2773 | d: 2942
Index: 4 | y_decimal: 179
Index: 5 | a: 2562 | b: 3758 | c: 2333 | d: 2942
Index: 6 | y_decimal: 4282
Index: 7 | a: 719 | b: 2339 | c: 1290 | d: 2942
Index: 8 | y_decimal: 5234
Index: 9 | a: 2762 | b: 3132 | c: 3570 | d: 2942
Index: 10 | y_decimal: 5680
Index: 11 | a: 394 | b: 833 | c: 1240 | d: 2942
Index: 12 | y_decimal: 4826
Index: 13 | a: 888 | b: 649 | c: 3563 | d: 2942
Index: 14 | y_decimal: 172
Index: 15 | a: 1462 | b: 2502 | c: 942 | d: 2942
Index: 16 | y_decimal: 30
Index: 17 | a: 700 | b: 3370 | c: 2571 | d: 2942
Index: 18 | y_decimal: 5250
Index: 19 | a: 3697 | b: 389 | c: 1359 | d: 2942
$finish called at time : 330 ns : File "/home/k-shi/KSHI/IC_proj/IC_HW_4cy/vsrc/tb/tb_top.v" Line 68
INFO: [USF-XSim-96] XSim completed. Design snapshot 'tb_top_behav' loaded.
INFO: [USF-XSim-97] XSim simulation ran for 1000ns
launch_simulation: Time (s): cpu = 00:00:10 ; elapsed = 00:00:10 . Memory (MB): peak = 1380.664 ; gain = 5.270 ; free physical = 282 ; free virtual = 4484
# if {![file isdirectory $REPORT_DIR]} {
#     file mkdir $REPORT_DIR
#     puts "Created directory: $REPORT_DIR"
# }
# open_vcd $REPORT_DIR/sim_waveform_behav.vcd
ERROR: Could not open VCD file ./reports/sim_waveform_behav.vcd for writing.
# log_vcd /$TOP_MODULE_SIM
WARNING: [Simtcl 6-216] No such HDL Object /tb_top
# restart
INFO: [Wavedata 42-604] Simulation restarted
ERROR: Could not open VCD file ./reports/sim_waveform_behav.vcd for writing.
# run all
Index: 0 | a: 2029 | b: 1932 | c: 2553 | d: 2942
Index: 1 | a: 1222 | b: 1221 | c: 682 | d: 2942
Index: 2 | a: 2021 | b: 631 | c: 1554 | d: 2942
Index: 3 | a: 2959 | b: 2546 | c: 1742 | d: 2942
Index: 4 | a: 2792 | b: 3781 | c: 2396 | d: 2942
Index: 5 | a: 2237 | b: 2093 | c: 1637 | d: 2942
Index: 6 | a: 611 | b: 1802 | c: 640 | d: 2942
Index: 7 | a: 288 | b: 1450 | c: 3229 | d: 2942
Index: 0 | y_decimal: 0
Index: 1 | a: 3734 | b: 2067 | c: 2061 | d: 2942
Index: 2 | y_decimal: 4659
Index: 3 | a: 1619 | b: 3435 | c: 2773 | d: 2942
Index: 4 | y_decimal: 179
Index: 5 | a: 2562 | b: 3758 | c: 2333 | d: 2942
Index: 6 | y_decimal: 4282
Index: 7 | a: 719 | b: 2339 | c: 1290 | d: 2942
Index: 8 | y_decimal: 5234
Index: 9 | a: 2762 | b: 3132 | c: 3570 | d: 2942
Index: 10 | y_decimal: 5680
Index: 11 | a: 394 | b: 833 | c: 1240 | d: 2942
Index: 12 | y_decimal: 4826
Index: 13 | a: 888 | b: 649 | c: 3563 | d: 2942
Index: 14 | y_decimal: 172
Index: 15 | a: 1462 | b: 2502 | c: 942 | d: 2942
Index: 16 | y_decimal: 30
Index: 17 | a: 700 | b: 3370 | c: 2571 | d: 2942
Index: 18 | y_decimal: 5250
Index: 19 | a: 3697 | b: 389 | c: 1359 | d: 2942
$finish called at time : 330 ns : File "/home/k-shi/KSHI/IC_proj/IC_HW_4cy/vsrc/tb/tb_top.v" Line 68
# close_vcd
# save_wave_config $REPORT_DIR/sim_waveform_behav.wcfg
# stop
# close_sim
INFO: [Simtcl 6-16] Simulation closed
# set sim_log_file "$PROJECT_DIR/${PROJECT_NAME}.sim/sim_1/behav/xsim/simulation_results.log"
# if {[file exists $sim_log_file]} {
#     file copy -force $sim_log_file $REPORT_DIR/sim_results_behav.log
# } else {
#     puts "Warning: Simulation log file not found at $sim_log_file"
# }
Warning: Simulation log file not found at ./vivado_sim/rtl_simulation.sim/sim_1/behav/xsim/simulation_results.log
# exit
INFO: [Common 17-206] Exiting Vivado at Fri May 23 11:45:23 2025...
